-- The C compiler identification is GNU 13.3.0
-- The CXX compiler identification is GNU 13.3.0
-- Detecting C compiler ABI info
-- Detecting C compiler ABI info - done
-- Check for working C compiler: /usr/bin/cc - skipped
-- Detecting C compile features
-- Detecting C compile features - done
-- Detecting CXX compiler ABI info
-- Detecting CXX compiler ABI info - done
-- Check for working CXX compiler: /usr/bin/c++ - skipped
-- Detecting CXX compile features
-- Detecting CXX compile features - done
-- Found ament_cmake: 2.5.4 (/opt/ros/jazzy/share/ament_cmake/cmake)
-- Found Python3: /usr/bin/python3 (found version "3.12.3") found components: Interpreter 
-- Override CMake install command with custom implementation using symlinks instead of copying resources
-- Found rclcpp: 28.1.12 (/opt/ros/jazzy/share/rclcpp/cmake)
-- Found rosidl_generator_c: 4.6.6 (/opt/ros/jazzy/share/rosidl_generator_c/cmake)
-- Found rosidl_generator_cpp: 4.6.6 (/opt/ros/jazzy/share/rosidl_generator_cpp/cmake)
-- Using all available rosidl_typesupport_c: rosidl_typesupport_fastrtps_c;rosidl_typesupport_introspection_c
-- Using all available rosidl_typesupport_cpp: rosidl_typesupport_fastrtps_cpp;rosidl_typesupport_introspection_cpp
-- Found rmw_implementation_cmake: 7.3.2 (/opt/ros/jazzy/share/rmw_implementation_cmake/cmake)
-- Found rmw_fastrtps_cpp: 8.4.3 (/opt/ros/jazzy/share/rmw_fastrtps_cpp/cmake)
-- Found OpenSSL: /usr/lib/x86_64-linux-gnu/libcrypto.so (found version "3.0.13")  
-- Found FastRTPS: /opt/ros/jazzy/include (Required is at least version "2.13") 
-- Using RMW implementation 'rmw_fastrtps_cpp' as default
-- Found nav_msgs: 5.3.6 (/opt/ros/jazzy/share/nav_msgs/cmake)
-- Found ament_lint_auto: 0.17.3 (/opt/ros/jazzy/share/ament_lint_auto/cmake)
-- Added test 'copyright' to check source files copyright and LICENSE
-- Added test 'cppcheck' to perform static code analysis on C / C++ code
-- Configured cppcheck include dirs: 
-- Configured cppcheck exclude dirs and/or files: 
-- Added test 'cpplint' to check C / C++ code against the Google style
-- Configured cpplint exclude dirs and/or files: 
-- Added test 'flake8' to check Python code syntax and style conventions
-- Configured 'flake8' exclude dirs and/or files: 
-- Added test 'lint_cmake' to check CMake code style
-- Added test 'pep257' to check Python code against some of the docstring style conventions in PEP 257
-- Added test 'uncrustify' to check C / C++ code style
-- Configured uncrustify additional arguments: 
-- Added test 'xmllint' to check XML markup files
-- Configuring done (2.3s)
-- Generating done (0.0s)
-- Build files have been written to: /home/gerardo/ws/build/simple_planner
[ 50%] [32mBuilding CXX object CMakeFiles/simple_planner_node.dir/src/simple_planner_node.cpp.o[0m
[ 50%] [32mBuilding CXX object CMakeFiles/map_publisher.dir/src/map_publisher.cpp.o[0m
[ 75%] [32m[1mLinking CXX executable map_publisher[0m
[ 75%] Built target map_publisher
[100%] [32m[1mLinking CXX executable simple_planner_node[0m
[100%] Built target simple_planner_node
-- Install configuration: ""
-- Execute custom install script
-- Symlinking: /home/gerardo/ws/install/simple_planner/lib/simple_planner/simple_planner_node
-- Symlinking: /home/gerardo/ws/install/simple_planner/lib/simple_planner/map_publisher
-- Symlinking: /home/gerardo/ws/install/simple_planner/share/simple_planner/launch/launch.py
-- Symlinking: /home/gerardo/ws/install/simple_planner/share/simple_planner/launch/map_config.rviz
-- Symlinking: /home/gerardo/ws/install/simple_planner/share/ament_index/resource_index/package_run_dependencies/simple_planner
-- Symlinking: /home/gerardo/ws/install/simple_planner/share/ament_index/resource_index/parent_prefix_path/simple_planner
-- Symlinking: /home/gerardo/ws/install/simple_planner/share/simple_planner/environment/ament_prefix_path.sh
-- Symlinking: /home/gerardo/ws/install/simple_planner/share/simple_planner/environment/ament_prefix_path.dsv
-- Symlinking: /home/gerardo/ws/install/simple_planner/share/simple_planner/environment/path.sh
-- Symlinking: /home/gerardo/ws/install/simple_planner/share/simple_planner/environment/path.dsv
-- Symlinking: /home/gerardo/ws/install/simple_planner/share/simple_planner/local_setup.bash
-- Symlinking: /home/gerardo/ws/install/simple_planner/share/simple_planner/local_setup.sh
-- Symlinking: /home/gerardo/ws/install/simple_planner/share/simple_planner/local_setup.zsh
-- Symlinking: /home/gerardo/ws/install/simple_planner/share/simple_planner/local_setup.dsv
-- Symlinking: /home/gerardo/ws/install/simple_planner/share/simple_planner/package.dsv
-- Symlinking: /home/gerardo/ws/install/simple_planner/share/ament_index/resource_index/packages/simple_planner
-- Symlinking: /home/gerardo/ws/install/simple_planner/share/simple_planner/cmake/simple_plannerConfig.cmake
-- Symlinking: /home/gerardo/ws/install/simple_planner/share/simple_planner/cmake/simple_plannerConfig-version.cmake
-- Symlinking: /home/gerardo/ws/install/simple_planner/share/simple_planner/package.xml
