[0.007s] Invoking command in '/home/gerardo/ws/build/simple_planner': CMAKE_PREFIX_PATH=${CMAKE_PREFIX_PATH}:/opt/ros/jazzy /usr/bin/cmake /home/gerardo/ws/src/simple_planner -DAMENT_CMAKE_SYMLINK_INSTALL=1 -DCMAKE_INSTALL_PREFIX=/home/gerardo/ws/install/simple_planner
[0.110s] -- The C compiler identification is GNU 13.3.0
[0.556s] -- The CXX compiler identification is GNU 13.3.0
[0.972s] -- Detecting C compiler ABI info
[1.146s] -- Detecting C compiler ABI info - done
[1.152s] -- Check for working C compiler: /usr/bin/cc - skipped
[1.152s] -- Detecting C compile features
[1.153s] -- Detecting C compile features - done
[1.217s] -- Detecting CXX compiler ABI info
[1.401s] -- Detecting CXX compiler ABI info - done
[1.408s] -- Check for working CXX compiler: /usr/bin/c++ - skipped
[1.408s] -- Detecting CXX compile features
[1.408s] -- Detecting CXX compile features - done
[1.410s] -- Found ament_cmake: 2.5.4 (/opt/ros/jazzy/share/ament_cmake/cmake)
[1.502s] -- Found Python3: /usr/bin/python3 (found version "3.12.3") found components: Interpreter 
[1.554s] -- Override CMake install command with custom implementation using symlinks instead of copying resources
[1.570s] -- Found rclcpp: 28.1.12 (/opt/ros/jazzy/share/rclcpp/cmake)
[1.732s] -- Found rosidl_generator_c: 4.6.6 (/opt/ros/jazzy/share/rosidl_generator_c/cmake)
[1.739s] -- Found rosidl_generator_cpp: 4.6.6 (/opt/ros/jazzy/share/rosidl_generator_cpp/cmake)
[1.749s] -- Using all available rosidl_typesupport_c: rosidl_typesupport_fastrtps_c;rosidl_typesupport_introspection_c
[1.760s] -- Using all available rosidl_typesupport_cpp: rosidl_typesupport_fastrtps_cpp;rosidl_typesupport_introspection_cpp
[1.810s] -- Found rmw_implementation_cmake: 7.3.2 (/opt/ros/jazzy/share/rmw_implementation_cmake/cmake)
[1.812s] -- Found rmw_fastrtps_cpp: 8.4.3 (/opt/ros/jazzy/share/rmw_fastrtps_cpp/cmake)
[1.857s] -- Found OpenSSL: /usr/lib/x86_64-linux-gnu/libcrypto.so (found version "3.0.13")  
[1.978s] -- Found FastRTPS: /opt/ros/jazzy/include (Required is at least version "2.13") 
[2.042s] -- Using RMW implementation 'rmw_fastrtps_cpp' as default
[2.169s] -- Found nav_msgs: 5.3.6 (/opt/ros/jazzy/share/nav_msgs/cmake)
[2.212s] -- Found ament_lint_auto: 0.17.3 (/opt/ros/jazzy/share/ament_lint_auto/cmake)
[2.280s] -- Added test 'copyright' to check source files copyright and LICENSE
[2.281s] -- Added test 'cppcheck' to perform static code analysis on C / C++ code
[2.281s] -- Configured cppcheck include dirs: 
[2.282s] -- Configured cppcheck exclude dirs and/or files: 
[2.282s] -- Added test 'cpplint' to check C / C++ code against the Google style
[2.282s] -- Configured cpplint exclude dirs and/or files: 
[2.282s] -- Added test 'flake8' to check Python code syntax and style conventions
[2.282s] -- Configured 'flake8' exclude dirs and/or files: 
[2.283s] -- Added test 'lint_cmake' to check CMake code style
[2.283s] -- Added test 'pep257' to check Python code against some of the docstring style conventions in PEP 257
[2.284s] -- Added test 'uncrustify' to check C / C++ code style
[2.284s] -- Configured uncrustify additional arguments: 
[2.284s] -- Added test 'xmllint' to check XML markup files
[2.286s] -- Configuring done (2.3s)
[2.295s] -- Generating done (0.0s)
[2.298s] -- Build files have been written to: /home/gerardo/ws/build/simple_planner
[2.307s] Invoked command in '/home/gerardo/ws/build/simple_planner' returned '0': CMAKE_PREFIX_PATH=${CMAKE_PREFIX_PATH}:/opt/ros/jazzy /usr/bin/cmake /home/gerardo/ws/src/simple_planner -DAMENT_CMAKE_SYMLINK_INSTALL=1 -DCMAKE_INSTALL_PREFIX=/home/gerardo/ws/install/simple_planner
[2.307s] Invoking command in '/home/gerardo/ws/build/simple_planner': CMAKE_PREFIX_PATH=${CMAKE_PREFIX_PATH}:/opt/ros/jazzy /usr/bin/cmake --build /home/gerardo/ws/build/simple_planner -- -j8 -l8
[2.341s] [ 50%] [32mBuilding CXX object CMakeFiles/simple_planner_node.dir/src/simple_planner_node.cpp.o[0m
[2.341s] [ 50%] [32mBuilding CXX object CMakeFiles/map_publisher.dir/src/map_publisher.cpp.o[0m
[6.296s] [ 75%] [32m[1mLinking CXX executable map_publisher[0m
[6.485s] [ 75%] Built target map_publisher
[12.601s] [100%] [32m[1mLinking CXX executable simple_planner_node[0m
[12.960s] [100%] Built target simple_planner_node
[12.969s] Invoked command in '/home/gerardo/ws/build/simple_planner' returned '0': CMAKE_PREFIX_PATH=${CMAKE_PREFIX_PATH}:/opt/ros/jazzy /usr/bin/cmake --build /home/gerardo/ws/build/simple_planner -- -j8 -l8
[12.976s] Invoking command in '/home/gerardo/ws/build/simple_planner': CMAKE_PREFIX_PATH=${CMAKE_PREFIX_PATH}:/opt/ros/jazzy /usr/bin/cmake --install /home/gerardo/ws/build/simple_planner
[12.980s] -- Install configuration: ""
[12.981s] -- Execute custom install script
[12.981s] -- Symlinking: /home/gerardo/ws/install/simple_planner/lib/simple_planner/simple_planner_node
[12.987s] -- Symlinking: /home/gerardo/ws/install/simple_planner/lib/simple_planner/map_publisher
[12.992s] -- Symlinking: /home/gerardo/ws/install/simple_planner/share/simple_planner/launch/launch.py
[12.997s] -- Symlinking: /home/gerardo/ws/install/simple_planner/share/simple_planner/launch/map_config.rviz
[13.002s] -- Symlinking: /home/gerardo/ws/install/simple_planner/share/ament_index/resource_index/package_run_dependencies/simple_planner
[13.006s] -- Symlinking: /home/gerardo/ws/install/simple_planner/share/ament_index/resource_index/parent_prefix_path/simple_planner
[13.011s] -- Symlinking: /home/gerardo/ws/install/simple_planner/share/simple_planner/environment/ament_prefix_path.sh
[13.016s] -- Symlinking: /home/gerardo/ws/install/simple_planner/share/simple_planner/environment/ament_prefix_path.dsv
[13.021s] -- Symlinking: /home/gerardo/ws/install/simple_planner/share/simple_planner/environment/path.sh
[13.027s] -- Symlinking: /home/gerardo/ws/install/simple_planner/share/simple_planner/environment/path.dsv
[13.032s] -- Symlinking: /home/gerardo/ws/install/simple_planner/share/simple_planner/local_setup.bash
[13.036s] -- Symlinking: /home/gerardo/ws/install/simple_planner/share/simple_planner/local_setup.sh
[13.042s] -- Symlinking: /home/gerardo/ws/install/simple_planner/share/simple_planner/local_setup.zsh
[13.047s] -- Symlinking: /home/gerardo/ws/install/simple_planner/share/simple_planner/local_setup.dsv
[13.053s] -- Symlinking: /home/gerardo/ws/install/simple_planner/share/simple_planner/package.dsv
[13.058s] -- Symlinking: /home/gerardo/ws/install/simple_planner/share/ament_index/resource_index/packages/simple_planner
[13.062s] -- Symlinking: /home/gerardo/ws/install/simple_planner/share/simple_planner/cmake/simple_plannerConfig.cmake
[13.067s] -- Symlinking: /home/gerardo/ws/install/simple_planner/share/simple_planner/cmake/simple_plannerConfig-version.cmake
[13.072s] -- Symlinking: /home/gerardo/ws/install/simple_planner/share/simple_planner/package.xml
[13.078s] Invoked command in '/home/gerardo/ws/build/simple_planner' returned '0': CMAKE_PREFIX_PATH=${CMAKE_PREFIX_PATH}:/opt/ros/jazzy /usr/bin/cmake --install /home/gerardo/ws/build/simple_planner
